06/07/2023 00:16:20 INFO 
06/07/2023 00:16:20 INFO 
06/07/2023 00:16:20 INFO ==================================================================================================================
06/07/2023 00:16:20 INFO                                 INICIO        verificando o arquivo                                               
06/07/2023 00:16:20 INFO ==================================================================================================================
06/07/2023 00:16:20 INFO 
06/07/2023 00:16:20 INFO 
06/07/2023 00:16:20 INFO Arquivo OR_ABI-L2-CMIPC-M6C02_G16_s20231860021184_e20231860023557_c20231860024053.nc movido para C:/Users/Gui/OneDrive/Documentos/python-scripts/ano2023/dia186/OR_ABI-L2-CMIPC-M6C02_G16_s20231860021184_e20231860023557_c20231860024053.nc
06/07/2023 00:16:20 INFO 
06/07/2023 00:16:20 INFO 
06/07/2023 00:16:20 INFO ==================================================================================================================
06/07/2023 00:16:20 INFO =                                                     FIM                                                        =
06/07/2023 00:16:20 INFO ==================================================================================================================
06/07/2023 00:16:20 INFO 
06/07/2023 00:16:20 INFO 
06/07/2023 00:16:44 INFO 
06/07/2023 00:16:44 INFO 
06/07/2023 00:16:44 INFO ==================================================================================================================
06/07/2023 00:16:44 INFO                                 INICIO        verificando o arquivo                                               
06/07/2023 00:16:44 INFO ==================================================================================================================
06/07/2023 00:16:44 INFO 
06/07/2023 00:16:44 INFO 
06/07/2023 00:16:44 INFO Arquivo OR_ABI-L2-CMIPC-M6C02_G16_s20231800021184_e20231860023557_c20231860024053.nc movido para C:/Users/Gui/OneDrive/Documentos/python-scripts/ano2023/dia186/OR_ABI-L2-CMIPC-M6C02_G16_s20231800021184_e20231860023557_c20231860024053.nc
06/07/2023 00:16:44 INFO 
06/07/2023 00:16:44 INFO 
06/07/2023 00:16:44 INFO ==================================================================================================================
06/07/2023 00:16:44 INFO =                                                     FIM                                                        =
06/07/2023 00:16:44 INFO ==================================================================================================================
06/07/2023 00:16:44 INFO 
06/07/2023 00:16:44 INFO 
06/07/2023 00:19:18 INFO 
06/07/2023 00:19:18 INFO 
06/07/2023 00:19:18 INFO ==================================================================================================================
06/07/2023 00:19:18 INFO                                 INICIO        verificando o arquivo                                               
06/07/2023 00:19:18 INFO ==================================================================================================================
06/07/2023 00:19:18 INFO 
06/07/2023 00:19:18 INFO 
06/07/2023 00:19:18 INFO 
06/07/2023 00:19:18 INFO 
06/07/2023 00:19:18 INFO ==================================================================================================================
06/07/2023 00:19:18 INFO =                                                     FIM                                                        =
06/07/2023 00:19:18 INFO ==================================================================================================================
06/07/2023 00:19:18 INFO 
06/07/2023 00:19:18 INFO 
06/07/2023 00:20:48 INFO 
06/07/2023 00:20:48 INFO 
06/07/2023 00:20:48 INFO ==================================================================================================================
06/07/2023 00:20:48 INFO                                 INICIO        verificando o arquivo                                               
06/07/2023 00:20:48 INFO ==================================================================================================================
06/07/2023 00:20:48 INFO 
06/07/2023 00:20:48 INFO 
06/07/2023 00:20:48 INFO Arquivo OR_ABI-L2-CMIPC-M6C02_G16_s20231800021184_e20231860023557_c20231860024053.nc movido para C:/Users/Gui/OneDrive/Documentos/python-scripts/ano2023/dia186/OR_ABI-L2-CMIPC-M6C02_G16_s20231800021184_e20231860023557_c20231860024053.nc
06/07/2023 00:20:48 INFO Arquivo OR_ABI-L2-CMIPC-M6C02_G16_s20231860021184_e20231860023557_c20231860024053.nc movido para C:/Users/Gui/OneDrive/Documentos/python-scripts/ano2023/dia186/OR_ABI-L2-CMIPC-M6C02_G16_s20231860021184_e20231860023557_c20231860024053.nc
06/07/2023 00:20:48 INFO 
06/07/2023 00:20:48 INFO 
06/07/2023 00:20:48 INFO ==================================================================================================================
06/07/2023 00:20:48 INFO =                                                     FIM                                                        =
06/07/2023 00:20:48 INFO ==================================================================================================================
06/07/2023 00:20:48 INFO 
06/07/2023 00:20:48 INFO 
06/07/2023 00:21:33 INFO 
06/07/2023 00:21:33 INFO 
06/07/2023 00:21:33 INFO ==================================================================================================================
06/07/2023 00:21:33 INFO                                 INICIO        verificando o arquivo                                               
06/07/2023 00:21:33 INFO ==================================================================================================================
06/07/2023 00:21:33 INFO 
06/07/2023 00:21:33 INFO 
06/07/2023 00:21:33 INFO Arquivo OR_ABI-L2-CMIPC-M6C02_G16_s20231860021184_e20231860023557_c20231860024053.nc movido para C:/Users/Gui/OneDrive/Documentos/python-scripts/ano2023/dia186/OR_ABI-L2-CMIPC-M6C02_G16_s20231860021184_e20231860023557_c20231860024053.nc
06/07/2023 00:21:33 INFO 
06/07/2023 00:21:33 INFO 
06/07/2023 00:21:33 INFO ==================================================================================================================
06/07/2023 00:21:33 INFO =                                                     FIM                                                        =
06/07/2023 00:21:33 INFO ==================================================================================================================
06/07/2023 00:21:33 INFO 
06/07/2023 00:21:33 INFO 
06/07/2023 00:21:43 INFO 
06/07/2023 00:21:43 INFO 
06/07/2023 00:21:43 INFO ==================================================================================================================
06/07/2023 00:21:43 INFO                                 INICIO        verificando o arquivo                                               
06/07/2023 00:21:43 INFO ==================================================================================================================
06/07/2023 00:21:43 INFO 
06/07/2023 00:21:43 INFO 
06/07/2023 00:21:43 ERROR Erro ao mover arquivos: [Errno 2] No such file or directory: 'C:/Users/Gui/OneDrive/Documentos/python-scripts/ano2023/dia180/OR_ABI-L2-CMIPC-M6C02_G16_s20231800021184_e20231800023557_c20231860024053.nc'
06/07/2023 00:21:43 INFO 
06/07/2023 00:21:43 INFO 
06/07/2023 00:21:43 INFO ==================================================================================================================
06/07/2023 00:21:43 INFO =                                                     FIM                                                        =
06/07/2023 00:21:43 INFO ==================================================================================================================
06/07/2023 00:21:43 INFO 
06/07/2023 00:21:43 INFO 
06/07/2023 00:24:18 INFO 
06/07/2023 00:24:18 INFO 
06/07/2023 00:24:18 INFO ==================================================================================================================
06/07/2023 00:24:18 INFO                                 INICIO        verificando o arquivo                                               
06/07/2023 00:24:18 INFO ==================================================================================================================
06/07/2023 00:24:18 INFO 
06/07/2023 00:24:18 INFO 
06/07/2023 00:24:18 INFO A pasta C:/Users/Gui/OneDrive/Documentos/python-scripts/ano2023/dia180/ foi criada.
06/07/2023 00:24:18 INFO Arquivo OR_ABI-L2-CMIPC-M6C02_G16_s20231800021184_e20231800023557_c20231860024053.nc movido para C:/Users/Gui/OneDrive/Documentos/python-scripts/ano2023/dia180/OR_ABI-L2-CMIPC-M6C02_G16_s20231800021184_e20231800023557_c20231860024053.nc
06/07/2023 00:24:18 INFO 
06/07/2023 00:24:18 INFO 
06/07/2023 00:24:18 INFO ==================================================================================================================
06/07/2023 00:24:18 INFO =                                                     FIM                                                        =
06/07/2023 00:24:18 INFO ==================================================================================================================
06/07/2023 00:24:18 INFO 
06/07/2023 00:24:18 INFO 
06/07/2023 00:25:02 INFO 
06/07/2023 00:25:02 INFO 
06/07/2023 00:25:02 INFO ==================================================================================================================
06/07/2023 00:25:02 INFO                                 INICIO        verificando o arquivo                                               
06/07/2023 00:25:02 INFO ==================================================================================================================
06/07/2023 00:25:02 INFO 
06/07/2023 00:25:02 INFO 
06/07/2023 00:25:02 INFO 
06/07/2023 00:25:02 INFO 
06/07/2023 00:25:02 INFO ==================================================================================================================
06/07/2023 00:25:02 INFO =                                                     FIM                                                        =
06/07/2023 00:25:02 INFO ==================================================================================================================
06/07/2023 00:25:02 INFO 
06/07/2023 00:25:02 INFO 
