06/07/2023 17:48:58 INFO 
06/07/2023 17:48:58 INFO 
06/07/2023 17:48:58 INFO ==================================================================================================================
06/07/2023 17:48:58 INFO                                                      INICIO                                                       
06/07/2023 17:48:58 INFO ==================================================================================================================
06/07/2023 17:48:58 INFO 
06/07/2023 17:48:58 INFO 
06/07/2023 17:48:58 INFO 
06/07/2023 17:48:58 INFO Obtendo lista de arquivos 
06/07/2023 17:48:58 INFO 
06/07/2023 17:48:58 INFO Năo há arquivos na lista. 
06/07/2023 17:48:58 INFO 
06/07/2023 17:48:58 INFO 
06/07/2023 17:48:58 INFO 
06/07/2023 17:48:58 INFO ==================================================================================================================
06/07/2023 17:48:58 INFO =                                                     FIM                                                        =
06/07/2023 17:48:58 INFO ==================================================================================================================
06/07/2023 17:48:58 INFO 
06/07/2023 17:48:58 INFO 
06/07/2023 17:49:09 INFO 
06/07/2023 17:49:09 INFO 
06/07/2023 17:49:09 INFO ==================================================================================================================
06/07/2023 17:49:09 INFO                                                      INICIO                                                       
06/07/2023 17:49:09 INFO ==================================================================================================================
06/07/2023 17:49:09 INFO 
06/07/2023 17:49:09 INFO 
06/07/2023 17:49:09 INFO 
06/07/2023 17:49:09 INFO Obtendo lista de arquivos 
06/07/2023 17:49:09 INFO 
06/07/2023 17:49:09 INFO A lista de arquivos foi obtida com sucesso! 
06/07/2023 17:49:09 INFO 
06/07/2023 17:49:09 INFO A lista tem 1 arquivos 
06/07/2023 17:49:09 INFO 
06/07/2023 17:49:09 INFO Arquivo OR_ABI-L2-CMIPC-M6C02_G16_s20231860021184_e20231860023557_c20231860024053.nc movido para ano2023/dia186
06/07/2023 17:49:09 INFO 
06/07/2023 17:49:09 INFO 
06/07/2023 17:49:09 INFO ==================================================================================================================
06/07/2023 17:49:09 INFO =                                                     FIM                                                        =
06/07/2023 17:49:09 INFO ==================================================================================================================
06/07/2023 17:49:09 INFO 
06/07/2023 17:49:09 INFO 
06/07/2023 17:49:43 INFO 
06/07/2023 17:49:43 INFO 
06/07/2023 17:49:43 INFO ==================================================================================================================
06/07/2023 17:49:43 INFO                                                      INICIO                                                       
06/07/2023 17:49:43 INFO ==================================================================================================================
06/07/2023 17:49:43 INFO 
06/07/2023 17:49:43 INFO 
06/07/2023 17:49:43 INFO 
06/07/2023 17:49:43 INFO Obtendo lista de arquivos 
06/07/2023 17:49:43 INFO 
06/07/2023 17:49:43 INFO A lista de arquivos foi obtida com sucesso! 
06/07/2023 17:49:43 INFO 
06/07/2023 17:49:43 INFO A lista tem 2 arquivos 
06/07/2023 17:49:43 INFO 
06/07/2023 17:49:43 INFO Arquivo OR_ABI-L2-CMIPC-M6C02_G16_s20231800021184_e20231800023557_c20231860024053.nc movido para ano2023/dia180
06/07/2023 17:49:43 INFO Arquivo dia 180 năo corresponde a pesquisa
06/07/2023 17:49:43 INFO 
06/07/2023 17:49:43 INFO 
06/07/2023 17:49:43 INFO ==================================================================================================================
06/07/2023 17:49:43 INFO =                                                     FIM                                                        =
06/07/2023 17:49:43 INFO ==================================================================================================================
06/07/2023 17:49:43 INFO 
06/07/2023 17:49:43 INFO 
