06/07/2023 17:40:40 INFO 
06/07/2023 17:40:40 INFO 
06/07/2023 17:40:40 INFO ==================================================================================================================
06/07/2023 17:40:40 INFO                                                      INICIO                                                       
06/07/2023 17:40:40 INFO ==================================================================================================================
06/07/2023 17:40:40 INFO 
06/07/2023 17:40:40 INFO 
06/07/2023 17:40:40 INFO 
06/07/2023 17:40:40 INFO Obtendo lista de arquivos 
06/07/2023 17:40:40 INFO 
06/07/2023 17:40:40 INFO A lista de arquivos foi obtida com sucesso! 
06/07/2023 17:40:40 INFO 
06/07/2023 17:40:40 INFO A lista tem 2 arquivos 
06/07/2023 17:40:40 INFO 
06/07/2023 17:40:40 INFO ComeÓando a mover o Arquivo: OR_ABI-L2-CMIPC-M6C02_G16_s20231800021184_e20231800023557_c20231860024053.nc 
06/07/2023 17:40:40 INFO O arquivo contÕm o dia 180
06/07/2023 17:40:40 INFO Movendo arquivo para a pasta de destino
06/07/2023 17:40:40 INFO Arquivo: OR_ABI-L2-CMIPC-M6C02_G16_s20231800021184_e20231800023557_c20231860024053.nc Foi movido com sucesso! 
06/07/2023 17:40:40 INFO --------------------------------------------
06/07/2023 17:40:40 INFO ComeÓando a mover o Arquivo: OR_ABI-L2-CMIPC-M6C02_G16_s20231860021184_e20231860023557_c20231860024053.nc 
06/07/2023 17:40:40 INFO O arquivo contÕm o dia 186
06/07/2023 17:40:40 INFO Movendo arquivo para a pasta de destino
06/07/2023 17:40:40 INFO Arquivo: OR_ABI-L2-CMIPC-M6C02_G16_s20231860021184_e20231860023557_c20231860024053.nc Foi movido com sucesso! 
06/07/2023 17:40:40 INFO --------------------------------------------
06/07/2023 17:40:40 INFO 
06/07/2023 17:40:40 INFO 
06/07/2023 17:40:40 INFO ==================================================================================================================
06/07/2023 17:40:40 INFO =                                                     FIM                                                        =
06/07/2023 17:40:40 INFO ==================================================================================================================
06/07/2023 17:40:40 INFO 
06/07/2023 17:40:40 INFO 
06/07/2023 17:40:42 INFO 
06/07/2023 17:40:42 INFO 
06/07/2023 17:40:42 INFO ==================================================================================================================
06/07/2023 17:40:42 INFO                                                      INICIO                                                       
06/07/2023 17:40:42 INFO ==================================================================================================================
06/07/2023 17:40:42 INFO 
06/07/2023 17:40:42 INFO 
06/07/2023 17:40:42 INFO 
06/07/2023 17:40:42 INFO Obtendo lista de arquivos 
06/07/2023 17:40:42 INFO 
06/07/2023 17:40:42 INFO NÐo hÃ arquivos na lista. 
06/07/2023 17:40:42 INFO 
06/07/2023 17:40:42 INFO 
06/07/2023 17:40:42 INFO 
06/07/2023 17:40:42 INFO ==================================================================================================================
06/07/2023 17:40:42 INFO =                                                     FIM                                                        =
06/07/2023 17:40:42 INFO ==================================================================================================================
06/07/2023 17:40:42 INFO 
06/07/2023 17:40:42 INFO 
06/07/2023 17:50:49 INFO 
06/07/2023 17:50:49 INFO 
06/07/2023 17:50:49 INFO ==================================================================================================================
06/07/2023 17:50:49 INFO                                                      INICIO                                                       
06/07/2023 17:50:49 INFO ==================================================================================================================
06/07/2023 17:50:49 INFO 
06/07/2023 17:50:49 INFO 
06/07/2023 17:50:49 INFO 
06/07/2023 17:50:49 INFO Obtendo lista de arquivos 
06/07/2023 17:50:49 INFO 
06/07/2023 17:50:49 INFO A lista de arquivos foi obtida com sucesso! 
06/07/2023 17:50:49 INFO 
06/07/2023 17:50:49 INFO A lista tem 1 arquivos 
06/07/2023 17:50:49 INFO 
06/07/2023 17:50:49 INFO ComeÓando a mover o Arquivo: OR_ABI-L2-CMIPC-M6C02_G16_s20231860021184_e20231860023557_c20231860024053.nc 
06/07/2023 17:50:49 INFO O arquivo contÕm o dia 186
06/07/2023 17:50:49 INFO Movendo arquivo para a pasta de destino
06/07/2023 17:50:49 INFO Arquivo: OR_ABI-L2-CMIPC-M6C02_G16_s20231860021184_e20231860023557_c20231860024053.nc Foi movido com sucesso! 
06/07/2023 17:50:49 INFO ------------------------------------------------------------------------------------------------------------------------------------
06/07/2023 17:50:49 INFO 
06/07/2023 17:50:49 INFO 
06/07/2023 17:50:49 INFO ==================================================================================================================
06/07/2023 17:50:49 INFO =                                                     FIM                                                        =
06/07/2023 17:50:49 INFO ==================================================================================================================
06/07/2023 17:50:49 INFO 
06/07/2023 17:50:49 INFO 
